Using pre-set license
Built from '2020.3/staging' branch; Version is '2020.3.14f1 (d0d1bb862f9d) revision 13685179'; Using compiler version '192528614'; Build Type 'Release'
OS: 'Windows 10 Home Single Language; OS build 19042.1110; Version 2009; 64bit' Language: 'en' Physical Memory: 16238 MB
BatchMode: 1, IsHumanControllingUs: 0, StartBugReporterOnCrash: 0, Is64bit: 1, IsPro: 0

 COMMAND LINE ARGUMENTS:
D:\Program Files\Unity\2020.3.14f1\Editor\Unity.exe
-adb2
-batchMode
-noUpm
-name
AssetImportWorker0
-projectPath
D:/Programs/Unity/EDUGAME/Edugame-Project/Edugame Project
-logFile
Logs/AssetImportWorker0.log
-srvPort
53366
Successfully changed project path to: D:/Programs/Unity/EDUGAME/Edugame-Project/Edugame Project
D:/Programs/Unity/EDUGAME/Edugame-Project/Edugame Project
Using Asset Import Pipeline V2.
Refreshing native plugins compatible for Editor in 50.75 ms, found 2 plugins.
Preloading 0 native plugins for Editor in 0.00 ms.
Initialize engine version: 2020.3.14f1 (d0d1bb862f9d)
[Subsystems] Discovering subsystems at path D:/Program Files/Unity/2020.3.14f1/Editor/Data/Resources/UnitySubsystems
[Subsystems] Discovering subsystems at path D:/Programs/Unity/EDUGAME/Edugame-Project/Edugame Project/Assets
GfxDevice: creating device client; threaded=0
Direct3D:
    Version:  Direct3D 11.0 [level 11.1]
    Renderer: NVIDIA GeForce GTX 1050 Ti (ID=0x1c8c)
    Vendor:   
    VRAM:     4021 MB
    Driver:   27.21.14.6089
Initialize mono
Mono path[0] = 'D:/Program Files/Unity/2020.3.14f1/Editor/Data/Managed'
Mono path[1] = 'D:/Program Files/Unity/2020.3.14f1/Editor/Data/MonoBleedingEdge/lib/mono/unityjit'
Mono config path = 'D:/Program Files/Unity/2020.3.14f1/Editor/Data/MonoBleedingEdge/etc'
Using monoOptions --debugger-agent=transport=dt_socket,embedding=1,server=y,suspend=n,address=127.0.0.1:56096
Begin MonoManager ReloadAssembly
Registering precompiled unity dll's ...
Register platform support module: D:/Program Files/Unity/2020.3.14f1/Editor/Data/PlaybackEngines/WindowsStandaloneSupport/UnityEditor.WindowsStandalone.Extensions.dll
Registered in 0.003362 seconds.
Native extension for WindowsStandalone target not found
Refreshing native plugins compatible for Editor in 44.10 ms, found 2 plugins.
Preloading 0 native plugins for Editor in 0.00 ms.
Mono: successfully reloaded assembly
- Completed reload, in  1.802 seconds
Domain Reload Profiling:
	ReloadAssembly (1802ms)
		BeginReloadAssembly (108ms)
			ExecutionOrderSort (0ms)
			DisableScriptedObjects (0ms)
			BackupInstance (0ms)
			ReleaseScriptingObjects (0ms)
			CreateAndSetChildDomain (1ms)
		EndReloadAssembly (673ms)
			LoadAssemblies (107ms)
			RebuildTransferFunctionScriptingTraits (0ms)
			SetupTypeCache (243ms)
			ReleaseScriptCaches (0ms)
			RebuildScriptCaches (55ms)
			SetupLoadedEditorAssemblies (246ms)
				LogAssemblyErrors (0ms)
				InitializePlatformSupportModulesInManaged (7ms)
				SetLoadedEditorAssemblies (0ms)
				RefreshPlugins (44ms)
				BeforeProcessingInitializeOnLoad (21ms)
				ProcessInitializeOnLoadAttributes (130ms)
				ProcessInitializeOnLoadMethodAttributes (43ms)
				AfterProcessingInitializeOnLoad (0ms)
				EditorAssembliesLoaded (0ms)
			ExecutionOrderSort2 (0ms)
			AwakeInstancesAfterBackupRestoration (0ms)
Platform modules already initialized, skipping
Registering precompiled user dll's ...
Registered in 0.005881 seconds.
Begin MonoManager ReloadAssembly
Native extension for WindowsStandalone target not found
Refreshing native plugins compatible for Editor in 0.38 ms, found 2 plugins.
Preloading 0 native plugins for Editor in 0.00 ms.
Mono: successfully reloaded assembly
- Completed reload, in  1.597 seconds
Domain Reload Profiling:
	ReloadAssembly (1599ms)
		BeginReloadAssembly (247ms)
			ExecutionOrderSort (0ms)
			DisableScriptedObjects (9ms)
			BackupInstance (0ms)
			ReleaseScriptingObjects (0ms)
			CreateAndSetChildDomain (25ms)
		EndReloadAssembly (1258ms)
			LoadAssemblies (151ms)
			RebuildTransferFunctionScriptingTraits (0ms)
			SetupTypeCache (465ms)
			ReleaseScriptCaches (0ms)
			RebuildScriptCaches (64ms)
			SetupLoadedEditorAssemblies (446ms)
				LogAssemblyErrors (0ms)
				InitializePlatformSupportModulesInManaged (7ms)
				SetLoadedEditorAssemblies (1ms)
				RefreshPlugins (0ms)
				BeforeProcessingInitializeOnLoad (135ms)
				ProcessInitializeOnLoadAttributes (290ms)
				ProcessInitializeOnLoadMethodAttributes (8ms)
				AfterProcessingInitializeOnLoad (4ms)
				EditorAssembliesLoaded (0ms)
			ExecutionOrderSort2 (0ms)
			AwakeInstancesAfterBackupRestoration (11ms)
Platform modules already initialized, skipping
========================================================================
Worker process is ready to serve import requests
Launched and connected shader compiler UnityShaderCompiler.exe after 0.10 seconds
Refreshing native plugins compatible for Editor in 0.41 ms, found 2 plugins.
Preloading 0 native plugins for Editor in 0.00 ms.
Unloading 1390 Unused Serialized files (Serialized files now loaded: 0)
System memory in use before: 64.8 MB.
System memory in use after: 64.8 MB.

Unloading 19 unused Assets to reduce memory usage. Loaded Objects now: 1823.
Total: 3.241700 ms (FindLiveObjects: 0.197600 ms CreateObjectMapping: 0.065100 ms MarkObjects: 2.859300 ms  DeleteObjects: 0.118000 ms)

AssetImportParameters requested are different than current active one (requested -> active):
  custom:framework-win-MediaFoundation: 216162199b28c13a410421893ffa2e32 -> 
  custom:video-decoder-ogg-theora: a1e56fd34408186e4bbccfd4996cb3dc -> 
  custom:container-muxer-webm: aa71ff27fc2769a1b78a27578f13a17b -> 
  custom:container-demuxer-webm: 4f35f7cbe854078d1ac9338744f61a02 -> 
  custom:container-demuxer-ogg: 62fdf1f143b41e24485cea50d1cbac27 -> 
  custom:video-encoder-webm-vp8: eb34c28f22e8b96e1ab97ce403110664 -> 
  custom:video-codec-MediaFoundation-h265: 746d11721c4dcdbdad8f713fa42b33f4 -> 
  custom:video-decoder-webm-vp8: 9c59270c3fd7afecdb556c50c9e8de78 -> 
  custom:audio-decoder-ogg-vorbis: bf7c407c2cedff20999df2af8eb42d56 -> 
  custom:audio-encoder-webm-vorbis: bf7c407c2cedff20999df2af8eb42d56 -> 
========================================================================
Received Import Request.
  path: Assets/Scenes
  artifactKey: Guid(d41005153cad6394fb24b02c7db09d2c) Importer(815301076,1909f56bfc062723c751e8b465ee728b)
Start importing Assets/Scenes using Guid(d41005153cad6394fb24b02c7db09d2c) Importer(815301076,1909f56bfc062723c751e8b465ee728b)  -> (artifact id: '9363dbd618fdb1121692e05f0e4a8103') in 0.023458 seconds 
  Import took 0.029078 seconds .

========================================================================
Received Import Request.
  Time since last request: 18.332974 seconds.
  path: Assets/Scenes/Capilliaries.unity
  artifactKey: Guid(8727098ce31a69243be3a9a6cf863691) Importer(815301076,1909f56bfc062723c751e8b465ee728b)
Start importing Assets/Scenes/Capilliaries.unity using Guid(8727098ce31a69243be3a9a6cf863691) Importer(815301076,1909f56bfc062723c751e8b465ee728b)  -> (artifact id: '95d64ab0264467dfdea8d8a955a45b43') in 0.025798 seconds 
  Import took 0.031262 seconds .

========================================================================
Received Import Request.
  Time since last request: 0.001856 seconds.
  path: Assets/Scenes/Capilliaries.unity
  artifactKey: Guid(8727098ce31a69243be3a9a6cf863691) Importer(815301076,1909f56bfc062723c751e8b465ee728b)
Start importing Assets/Scenes/Capilliaries.unity using Guid(8727098ce31a69243be3a9a6cf863691) Importer(815301076,1909f56bfc062723c751e8b465ee728b)  -> (artifact id: '95d64ab0264467dfdea8d8a955a45b43') in 0.005739 seconds 
  Import took 0.010313 seconds .

========================================================================
Received Prepare
The file 'UserSettings/EditorUserSettings.asset' seems to have merge conflicts. Please open it in a text editor and fix the merge.

Trying to reload asset but can't find object on disk

Registering precompiled user dll's ...
Registered in 0.178978 seconds.
Begin MonoManager ReloadAssembly
Native extension for WindowsStandalone target not found
Refreshing native plugins compatible for Editor in 0.70 ms, found 2 plugins.
Preloading 0 native plugins for Editor in 0.00 ms.
Mono: successfully reloaded assembly
- Completed reload, in  1.877 seconds
Domain Reload Profiling:
	ReloadAssembly (1878ms)
		BeginReloadAssembly (206ms)
			ExecutionOrderSort (0ms)
			DisableScriptedObjects (10ms)
			BackupInstance (0ms)
			ReleaseScriptingObjects (0ms)
			CreateAndSetChildDomain (56ms)
		EndReloadAssembly (1559ms)
			LoadAssemblies (209ms)
			RebuildTransferFunctionScriptingTraits (0ms)
			SetupTypeCache (619ms)
			ReleaseScriptCaches (1ms)
			RebuildScriptCaches (107ms)
			SetupLoadedEditorAssemblies (469ms)
				LogAssemblyErrors (0ms)
				InitializePlatformSupportModulesInManaged (7ms)
				SetLoadedEditorAssemblies (3ms)
				RefreshPlugins (1ms)
				BeforeProcessingInitializeOnLoad (133ms)
				ProcessInitializeOnLoadAttributes (314ms)
				ProcessInitializeOnLoadMethodAttributes (8ms)
				AfterProcessingInitializeOnLoad (4ms)
				EditorAssembliesLoaded (0ms)
			ExecutionOrderSort2 (0ms)
			AwakeInstancesAfterBackupRestoration (10ms)
Platform modules already initialized, skipping
Shader 'TextMeshPro/Distance Field Overlay': fallback shader 'TextMeshPro/Mobile/Distance Field' not found
Shader 'TextMeshPro/Distance Field SSD': fallback shader 'TextMeshPro/Mobile/Distance Field' not found
Shader 'TextMeshPro/Distance Field': fallback shader 'TextMeshPro/Mobile/Distance Field' not found
Refreshing native plugins compatible for Editor in 0.33 ms, found 2 plugins.
Preloading 0 native plugins for Editor in 0.00 ms.
Unloading 1400 Unused Serialized files (Serialized files now loaded: 0)
System memory in use before: 66.9 MB.
System memory in use after: 66.3 MB.

Unloading 27 unused Assets to reduce memory usage. Loaded Objects now: 1827.
Total: 3.223600 ms (FindLiveObjects: 0.189800 ms CreateObjectMapping: 0.057300 ms MarkObjects: 2.501800 ms  DeleteObjects: 0.473100 ms)

AssetImportParameters requested are different than current active one (requested -> active):
  custom:framework-win-MediaFoundation: 216162199b28c13a410421893ffa2e32 -> 
  custom:video-decoder-ogg-theora: a1e56fd34408186e4bbccfd4996cb3dc -> 
  custom:container-muxer-webm: aa71ff27fc2769a1b78a27578f13a17b -> 
  custom:container-demuxer-webm: 4f35f7cbe854078d1ac9338744f61a02 -> 
  custom:container-demuxer-ogg: 62fdf1f143b41e24485cea50d1cbac27 -> 
  custom:video-encoder-webm-vp8: eb34c28f22e8b96e1ab97ce403110664 -> 
  custom:video-codec-MediaFoundation-h265: 746d11721c4dcdbdad8f713fa42b33f4 -> 
  custom:video-decoder-webm-vp8: 9c59270c3fd7afecdb556c50c9e8de78 -> 
  custom:audio-decoder-ogg-vorbis: bf7c407c2cedff20999df2af8eb42d56 -> 
  custom:audio-encoder-webm-vorbis: bf7c407c2cedff20999df2af8eb42d56 -> 
========================================================================
Received Import Request.
  Time since last request: 529.543499 seconds.
  path: Assets/Scenes/Raina-DevScene.unity
  artifactKey: Guid(ae252da12032fe24fa692d973563097e) Importer(815301076,1909f56bfc062723c751e8b465ee728b)
Start importing Assets/Scenes/Raina-DevScene.unity using Guid(ae252da12032fe24fa692d973563097e) Importer(815301076,1909f56bfc062723c751e8b465ee728b)  -> (artifact id: 'd5a716aa158f214987967666a9c5167a') in 0.024329 seconds 
  Import took 0.027879 seconds .

========================================================================
Received Import Request.
  Time since last request: 0.585046 seconds.
  path: Assets/Scenes/SampleScene.unity
  artifactKey: Guid(9fc0d4010bbf28b4594072e72b8655ab) Importer(815301076,1909f56bfc062723c751e8b465ee728b)
Start importing Assets/Scenes/SampleScene.unity using Guid(9fc0d4010bbf28b4594072e72b8655ab) Importer(815301076,1909f56bfc062723c751e8b465ee728b)  -> (artifact id: '85059f4f9e1a832ed95adaa0d25c5c4c') in 0.015494 seconds 
  Import took 0.020786 seconds .

========================================================================
Received Import Request.
  Time since last request: 3.783579 seconds.
  path: Assets/Scenes/Capilliaries.unity
  artifactKey: Guid(8727098ce31a69243be3a9a6cf863691) Importer(815301076,1909f56bfc062723c751e8b465ee728b)
Start importing Assets/Scenes/Capilliaries.unity using Guid(8727098ce31a69243be3a9a6cf863691) Importer(815301076,1909f56bfc062723c751e8b465ee728b)  -> (artifact id: '967296dfb15a81e48243d942284e14e1') in 0.012500 seconds 
  Import took 0.015574 seconds .

========================================================================
Received Import Request.
  Time since last request: 25.159845 seconds.
  path: Assets/Scripts/Minigame1TestScript.cs
  artifactKey: Guid(59e9184b157dcb54fa994eb07f7057f2) Importer(815301076,1909f56bfc062723c751e8b465ee728b)
Start importing Assets/Scripts/Minigame1TestScript.cs using Guid(59e9184b157dcb54fa994eb07f7057f2) Importer(815301076,1909f56bfc062723c751e8b465ee728b)  -> (artifact id: '4a42307af66187a87159d92c6d8443a0') in 0.062388 seconds 
  Import took 0.065613 seconds .

========================================================================
Received Import Request.
  Time since last request: 47.577172 seconds.
  path: Assets/Imported
  artifactKey: Guid(33f9be57c16f6e4439005fa4ab1c08d2) Importer(815301076,1909f56bfc062723c751e8b465ee728b)
Start importing Assets/Imported using Guid(33f9be57c16f6e4439005fa4ab1c08d2) Importer(815301076,1909f56bfc062723c751e8b465ee728b)  -> (artifact id: 'dabb45aeace3c76b41cd61a9bfbd081e') in 0.011198 seconds 
  Import took 0.013513 seconds .

========================================================================
Received Import Request.
  Time since last request: 36.035260 seconds.
  path: Assets
  artifactKey: Guid(00000000000000001000000000000000) Importer(815301076,1909f56bfc062723c751e8b465ee728b)
Start importing Assets using Guid(00000000000000001000000000000000) Importer(815301076,1909f56bfc062723c751e8b465ee728b)  -> (artifact id: '42d402b061de3733987d63b9cc3b64de') in 0.026624 seconds 
  Import took 0.054955 seconds .

========================================================================
Received Import Request.
  Time since last request: 1.797847 seconds.
  path: Assets/Art
  artifactKey: Guid(55d661705c4759c40962289dc77e55da) Importer(815301076,1909f56bfc062723c751e8b465ee728b)
Start importing Assets/Art using Guid(55d661705c4759c40962289dc77e55da) Importer(815301076,1909f56bfc062723c751e8b465ee728b)  -> (artifact id: '405af989515b84fb423379aeaabe4018') in 0.011533 seconds 
  Import took 0.034123 seconds .

========================================================================
Received Import Request.
  Time since last request: 0.688877 seconds.
  path: Assets/Art/Placeholders
  artifactKey: Guid(072dc04f884cdca4198f4bbc905156e3) Importer(815301076,1909f56bfc062723c751e8b465ee728b)
Start importing Assets/Art/Placeholders using Guid(072dc04f884cdca4198f4bbc905156e3) Importer(815301076,1909f56bfc062723c751e8b465ee728b)  -> (artifact id: 'ada4e82a3726b79a0e07f672bb3c8d71') in 0.011835 seconds 
  Import took 0.034851 seconds .

========================================================================
Received Import Request.
  Time since last request: 0.969820 seconds.
  path: Assets/Art/Placeholders/Minigame1
  artifactKey: Guid(6f1035222c5d34542a2f37fd5b019c6a) Importer(815301076,1909f56bfc062723c751e8b465ee728b)
Start importing Assets/Art/Placeholders/Minigame1 using Guid(6f1035222c5d34542a2f37fd5b019c6a) Importer(815301076,1909f56bfc062723c751e8b465ee728b)  -> (artifact id: 'ef0d7dcd4829207aecd04e7faadec3db') in 0.018343 seconds 
  Import took 0.022329 seconds .

========================================================================
Received Import Request.
  Time since last request: 0.071100 seconds.
  path: Assets/Art/Placeholders/Minigame1/test-bar.png
  artifactKey: Guid(cb9672655c5f77e4098af96b394a73f3) Importer(815301076,1909f56bfc062723c751e8b465ee728b)
Start importing Assets/Art/Placeholders/Minigame1/test-bar.png using Guid(cb9672655c5f77e4098af96b394a73f3) Importer(815301076,1909f56bfc062723c751e8b465ee728b)  -> (artifact id: 'e5000a226b81c844d5f22db7868a5c43') in 0.255000 seconds 
  Import took 0.258049 seconds .

========================================================================
Received Import Request.
  Time since last request: 0.000347 seconds.
  path: Assets/Art/Placeholders/Minigame1/test-pointer.png
  artifactKey: Guid(56b71769a67c20b4c8471ebfe030c823) Importer(815301076,1909f56bfc062723c751e8b465ee728b)
Start importing Assets/Art/Placeholders/Minigame1/test-pointer.png using Guid(56b71769a67c20b4c8471ebfe030c823) Importer(815301076,1909f56bfc062723c751e8b465ee728b)  -> (artifact id: 'ef430d89e043668a14a4b6bd7a84825a') in 0.053693 seconds 
  Import took 0.056383 seconds .

========================================================================
Received Import Request.
  Time since last request: 9.568259 seconds.
  path: Assets/Materials
  artifactKey: Guid(4bce6c2802ab6f94d9153fb5f4534769) Importer(815301076,1909f56bfc062723c751e8b465ee728b)
Start importing Assets/Materials using Guid(4bce6c2802ab6f94d9153fb5f4534769) Importer(815301076,1909f56bfc062723c751e8b465ee728b)  -> (artifact id: '4ce650e040abf0276f2722f25b10f345') in 0.012235 seconds 
  Import took 0.014833 seconds .

========================================================================
Received Import Request.
  Time since last request: 22.170915 seconds.
  path: Assets/Materials/Red Panel.mat
  artifactKey: Guid(e44f6ceae4e53e64380f1a995365d2bd) Importer(815301076,1909f56bfc062723c751e8b465ee728b)
Start importing Assets/Materials/Red Panel.mat using Guid(e44f6ceae4e53e64380f1a995365d2bd) Importer(815301076,1909f56bfc062723c751e8b465ee728b)  -> (artifact id: '540804f0ca526db14099b0d8cae990a2') in 0.129413 seconds 
  Import took 0.132144 seconds .

========================================================================
Received Import Request.
  Time since last request: 127.908276 seconds.
  path: Assets/Imported/TextMesh Pro/Fonts/LiberationSans.ttf
  artifactKey: Guid(e3265ab4bf004d28a9537516768c1c75) Importer(815301076,1909f56bfc062723c751e8b465ee728b)
Start importing Assets/Imported/TextMesh Pro/Fonts/LiberationSans.ttf using Guid(e3265ab4bf004d28a9537516768c1c75) Importer(815301076,1909f56bfc062723c751e8b465ee728b)  -> (artifact id: 'cec1587b7129bde4b287cc77833a66ca') in 0.044504 seconds 
  Import took 0.047913 seconds .

========================================================================
Received Import Request.
  Time since last request: 0.000488 seconds.
  path: Assets/Imported/TextMesh Pro/Resources/Fonts & Materials/LiberationSans SDF - Outline.mat
  artifactKey: Guid(79459efec17a4d00a321bdcc27bbc385) Importer(815301076,1909f56bfc062723c751e8b465ee728b)
Start importing Assets/Imported/TextMesh Pro/Resources/Fonts & Materials/LiberationSans SDF - Outline.mat using Guid(79459efec17a4d00a321bdcc27bbc385) Importer(815301076,1909f56bfc062723c751e8b465ee728b)  -> (artifact id: '73bfc51c5222557aa47c55c3d1b82acd') in 0.106563 seconds 
  Import took 0.110047 seconds .

========================================================================
Received Import Request.
  Time since last request: 0.000312 seconds.
  path: Assets/Imported/TextMesh Pro/Resources/Fonts & Materials/LiberationSans SDF - Fallback.asset
  artifactKey: Guid(2e498d1c8094910479dc3e1b768306a4) Importer(815301076,1909f56bfc062723c751e8b465ee728b)
Start importing Assets/Imported/TextMesh Pro/Resources/Fonts & Materials/LiberationSans SDF - Fallback.asset using Guid(2e498d1c8094910479dc3e1b768306a4) Importer(815301076,1909f56bfc062723c751e8b465ee728b)  -> (artifact id: '73c4f4f2da4d2ab57d901e0f40ae3f2f') in 0.047299 seconds 
  Import took 0.050553 seconds .

========================================================================
Received Import Request.
  Time since last request: 0.000309 seconds.
  path: Assets/Imported/TextMesh Pro/Resources/Fonts & Materials/LiberationSans SDF - Drop Shadow.mat
  artifactKey: Guid(e73a58f6e2794ae7b1b7e50b7fb811b0) Importer(815301076,1909f56bfc062723c751e8b465ee728b)
Start importing Assets/Imported/TextMesh Pro/Resources/Fonts & Materials/LiberationSans SDF - Drop Shadow.mat using Guid(e73a58f6e2794ae7b1b7e50b7fb811b0) Importer(815301076,1909f56bfc062723c751e8b465ee728b)  -> (artifact id: '482a362b8fe5ce36b302051eaf90a735') in 0.099520 seconds 
  Import took 0.102108 seconds .

========================================================================
Received Import Request.
  Time since last request: 0.000331 seconds.
  path: Assets/Imported/TextMesh Pro/Resources/Fonts & Materials/LiberationSans SDF.asset
  artifactKey: Guid(8f586378b4e144a9851e7b34d9b748ee) Importer(815301076,1909f56bfc062723c751e8b465ee728b)
Start importing Assets/Imported/TextMesh Pro/Resources/Fonts & Materials/LiberationSans SDF.asset using Guid(8f586378b4e144a9851e7b34d9b748ee) Importer(815301076,1909f56bfc062723c751e8b465ee728b)  -> (artifact id: 'f8b7c8c3e3c9a45adbdca63c88707d17') in 0.052205 seconds 
  Import took 0.055622 seconds .

